<?xml version="1.0" encoding="UTF-8"?>
<testsuite xmlns:xsi="http://www.w3.org/2001/XMLSchema-instance" xsi:noNamespaceSchemaLocation="https://maven.apache.org/surefire/maven-surefire-plugin/xsd/surefire-test-report.xsd" name="exp3.AppTest" time="0.024" tests="5" errors="0" skipped="0" failures="0">
  <properties>
[...]
</properties>
  <testcase name="shouldAnswerWithDiv" classname="exp3.AppTest" time="0.003"/>
  <testcase name="shouldAnswerWithMod" classname="exp3.AppTest" time="0"/>
  <testcase name="shouldAnswerWithMul" classname="exp3.AppTest" time="0"/>
  <testcase name="shouldAnswerWithSub" classname="exp3.AppTest" time="0"/>
  <testcase name="shouldAnswerWithSum" classname="exp3.AppTest" time="0"/>
</testsuite>